0 verbose cli C:\Program Files\nodejs\node.exe C:\Program Files\nodejs\node_modules\npm\bin\npm-cli.js
1 info using npm@8.11.0
2 info using node@v16.16.0
3 timing npm:load:whichnode Completed in 1ms
4 timing config:load:defaults Completed in 4ms
5 timing config:load:file:C:\Program Files\nodejs\node_modules\npm\npmrc Completed in 12ms
6 timing config:load:builtin Completed in 13ms
7 warn config global `--global`, `--local` are deprecated. Use `--location=global` instead.
8 timing config:load:cli Completed in 4ms
9 timing config:load:env Completed in 1ms
10 timing config:load:project Completed in 1ms
11 timing config:load:file:C:\Users\John Louie\.npmrc Completed in 0ms
12 timing config:load:user Completed in 2ms
13 timing config:load:file:C:\xampp\htdocs\laravel-vue-survey\UsersJohn\etc\npmrc Completed in 0ms
14 timing config:load:global Completed in 1ms
15 timing config:load:validate Completed in 0ms
16 timing config:load:credentials Completed in 2ms
17 timing config:load:setEnvs Completed in 1ms
18 timing config:load Completed in 29ms
19 timing npm:load:configload Completed in 29ms
20 timing npm:load:mkdirpcache Completed in 1ms
21 timing npm:load:mkdirplogs Completed in 0ms
22 verbose title npm prefix
23 verbose argv "prefix" "--global"
24 timing npm:load:setTitle Completed in 2ms
25 timing config:load:flatten Completed in 5ms
26 timing npm:load:display Completed in 13ms
27 verbose logfile logs-max:10 dir:C:\Users\John Louie\Desktop\port folio files\MyPortfolio3\MyPortfolio\UsersJohn\_logs
28 verbose logfile C:\Users\John Louie\Desktop\port folio files\MyPortfolio3\MyPortfolio\UsersJohn\_logs\2023-01-29T06_40_11_656Z-debug-0.log
29 timing npm:load:logFile Completed in 55ms
30 timing npm:load:timers Completed in 0ms
31 timing npm:load:configScope Completed in 0ms
32 timing npm:load Completed in 107ms
33 timing command:prefix Completed in 3ms
34 verbose exit 0
35 timing npm Completed in 142ms
36 info ok
