0 verbose cli C:\Program Files\nodejs\node.exe C:\Program Files\nodejs\node_modules\npm\bin\npm-cli.js
1 info using npm@8.11.0
2 info using node@v16.16.0
3 timing npm:load:whichnode Completed in 1ms
4 timing config:load:defaults Completed in 2ms
5 timing config:load:file:C:\Program Files\nodejs\node_modules\npm\npmrc Completed in 11ms
6 timing config:load:builtin Completed in 11ms
7 timing config:load:cli Completed in 1ms
8 timing config:load:env Completed in 1ms
9 timing config:load:file:C:\Users\John Louie\Desktop\port folio files\MyPortfolio3\MyPortfolio\.npmrc Completed in 1ms
10 timing config:load:project Completed in 4ms
11 timing config:load:file:C:\Users\John Louie\.npmrc Completed in 1ms
12 timing config:load:user Completed in 1ms
13 timing config:load:file:C:\xampp\htdocs\laravel-vue-survey\UsersJohn\etc\npmrc Completed in 0ms
14 timing config:load:global Completed in 0ms
15 timing config:load:validate Completed in 0ms
16 timing config:load:credentials Completed in 1ms
17 timing config:load:setEnvs Completed in 1ms
18 timing config:load Completed in 25ms
19 timing npm:load:configload Completed in 25ms
20 timing npm:load:mkdirpcache Completed in 1ms
21 timing npm:load:mkdirplogs Completed in 0ms
22 verbose title npm run watch
23 verbose argv "run" "watch"
24 timing npm:load:setTitle Completed in 2ms
25 timing config:load:flatten Completed in 6ms
26 timing npm:load:display Completed in 13ms
27 verbose logfile logs-max:10 dir:C:\Users\John Louie\Desktop\port folio files\MyPortfolio3\MyPortfolio\UsersJohn\_logs
28 verbose logfile C:\Users\John Louie\Desktop\port folio files\MyPortfolio3\MyPortfolio\UsersJohn\_logs\2023-01-29T06_39_34_871Z-debug-0.log
29 timing npm:load:logFile Completed in 44ms
30 timing npm:load:timers Completed in 0ms
31 timing npm:load:configScope Completed in 0ms
32 timing npm:load Completed in 87ms
33 silly logfile done cleaning log files
34 timing command:run Completed in 137ms
35 verbose exit 0
36 timing npm Completed in 241ms
37 info ok
